Analysis & Synthesis report for projeto_ula
Thu Aug 10 10:14:10 2023
Quartus Prime Version 20.1.0 Build 711 06/05/2020 SJ Lite Edition


---------------------
; Table of Contents ;
---------------------
  1. Legal Notice
  2. Analysis & Synthesis Summary
  3. Analysis & Synthesis Settings
  4. Parallel Compilation
  5. Analysis & Synthesis Source Files Read
  6. Analysis & Synthesis Resource Usage Summary
  7. Analysis & Synthesis Resource Utilization by Entity
  8. General Register Statistics
  9. Multiplexer Restructuring Statistics (Restructuring Performed)
 10. Post-Synthesis Netlist Statistics for Top Partition
 11. Elapsed Time Per Partition
 12. Analysis & Synthesis Messages



----------------
; Legal Notice ;
----------------
Copyright (C) 2020  Intel Corporation. All rights reserved.
Your use of Intel Corporation's design tools, logic functions 
and other software and tools, and any partner logic 
functions, and any output files from any of the foregoing 
(including device programming or simulation files), and any 
associated documentation or information are expressly subject 
to the terms and conditions of the Intel Program License 
Subscription Agreement, the Intel Quartus Prime License Agreement,
the Intel FPGA IP License Agreement, or other applicable license
agreement, including, without limitation, that your use is for
the sole purpose of programming logic devices manufactured by
Intel and sold by Intel or its authorized distributors.  Please
refer to the applicable agreement for further details, at
https://fpgasoftware.intel.com/eula.



+-------------------------------------------------------------------------------+
; Analysis & Synthesis Summary                                                  ;
+---------------------------------+---------------------------------------------+
; Analysis & Synthesis Status     ; Successful - Thu Aug 10 10:14:10 2023       ;
; Quartus Prime Version           ; 20.1.0 Build 711 06/05/2020 SJ Lite Edition ;
; Revision Name                   ; projeto_ula                                 ;
; Top-level Entity Name           ; projeto_ula                                 ;
; Family                          ; Cyclone V                                   ;
; Logic utilization (in ALMs)     ; N/A                                         ;
; Total registers                 ; 0                                           ;
; Total pins                      ; 37                                          ;
; Total virtual pins              ; 0                                           ;
; Total block memory bits         ; 0                                           ;
; Total DSP Blocks                ; 0                                           ;
; Total HSSI RX PCSs              ; 0                                           ;
; Total HSSI PMA RX Deserializers ; 0                                           ;
; Total HSSI TX PCSs              ; 0                                           ;
; Total HSSI PMA TX Serializers   ; 0                                           ;
; Total PLLs                      ; 0                                           ;
; Total DLLs                      ; 0                                           ;
+---------------------------------+---------------------------------------------+


+---------------------------------------------------------------------------------------------------------------------------+
; Analysis & Synthesis Settings                                                                                             ;
+---------------------------------------------------------------------------------+--------------------+--------------------+
; Option                                                                          ; Setting            ; Default Value      ;
+---------------------------------------------------------------------------------+--------------------+--------------------+
; Device                                                                          ; 5CSEMA5F31C6       ;                    ;
; Top-level entity name                                                           ; projeto_ula        ; projeto_ula        ;
; Family name                                                                     ; Cyclone V          ; Cyclone V          ;
; Use smart compilation                                                           ; Off                ; Off                ;
; Enable parallel Assembler and Timing Analyzer during compilation                ; On                 ; On                 ;
; Enable compact report table                                                     ; Off                ; Off                ;
; Restructure Multiplexers                                                        ; Auto               ; Auto               ;
; MLAB Add Timing Constraints For Mixed-Port Feed-Through Mode Setting Don't Care ; Off                ; Off                ;
; Create Debugging Nodes for IP Cores                                             ; Off                ; Off                ;
; Preserve fewer node names                                                       ; On                 ; On                 ;
; Intel FPGA IP Evaluation Mode                                                   ; Enable             ; Enable             ;
; Verilog Version                                                                 ; Verilog_2001       ; Verilog_2001       ;
; VHDL Version                                                                    ; VHDL_1993          ; VHDL_1993          ;
; State Machine Processing                                                        ; Auto               ; Auto               ;
; Safe State Machine                                                              ; Off                ; Off                ;
; Extract Verilog State Machines                                                  ; On                 ; On                 ;
; Extract VHDL State Machines                                                     ; On                 ; On                 ;
; Ignore Verilog initial constructs                                               ; Off                ; Off                ;
; Iteration limit for constant Verilog loops                                      ; 5000               ; 5000               ;
; Iteration limit for non-constant Verilog loops                                  ; 250                ; 250                ;
; Add Pass-Through Logic to Inferred RAMs                                         ; On                 ; On                 ;
; Infer RAMs from Raw Logic                                                       ; On                 ; On                 ;
; Parallel Synthesis                                                              ; On                 ; On                 ;
; DSP Block Balancing                                                             ; Auto               ; Auto               ;
; NOT Gate Push-Back                                                              ; On                 ; On                 ;
; Power-Up Don't Care                                                             ; On                 ; On                 ;
; Remove Redundant Logic Cells                                                    ; Off                ; Off                ;
; Remove Duplicate Registers                                                      ; On                 ; On                 ;
; Ignore CARRY Buffers                                                            ; Off                ; Off                ;
; Ignore CASCADE Buffers                                                          ; Off                ; Off                ;
; Ignore GLOBAL Buffers                                                           ; Off                ; Off                ;
; Ignore ROW GLOBAL Buffers                                                       ; Off                ; Off                ;
; Ignore LCELL Buffers                                                            ; Off                ; Off                ;
; Ignore SOFT Buffers                                                             ; On                 ; On                 ;
; Limit AHDL Integers to 32 Bits                                                  ; Off                ; Off                ;
; Optimization Technique                                                          ; Balanced           ; Balanced           ;
; Carry Chain Length                                                              ; 70                 ; 70                 ;
; Auto Carry Chains                                                               ; On                 ; On                 ;
; Auto Open-Drain Pins                                                            ; On                 ; On                 ;
; Perform WYSIWYG Primitive Resynthesis                                           ; Off                ; Off                ;
; Auto ROM Replacement                                                            ; On                 ; On                 ;
; Auto RAM Replacement                                                            ; On                 ; On                 ;
; Auto DSP Block Replacement                                                      ; On                 ; On                 ;
; Auto Shift Register Replacement                                                 ; Auto               ; Auto               ;
; Allow Shift Register Merging across Hierarchies                                 ; Auto               ; Auto               ;
; Auto Clock Enable Replacement                                                   ; On                 ; On                 ;
; Strict RAM Replacement                                                          ; Off                ; Off                ;
; Allow Synchronous Control Signals                                               ; On                 ; On                 ;
; Force Use of Synchronous Clear Signals                                          ; Off                ; Off                ;
; Auto Resource Sharing                                                           ; Off                ; Off                ;
; Allow Any RAM Size For Recognition                                              ; Off                ; Off                ;
; Allow Any ROM Size For Recognition                                              ; Off                ; Off                ;
; Allow Any Shift Register Size For Recognition                                   ; Off                ; Off                ;
; Use LogicLock Constraints during Resource Balancing                             ; On                 ; On                 ;
; Ignore translate_off and synthesis_off directives                               ; Off                ; Off                ;
; Timing-Driven Synthesis                                                         ; On                 ; On                 ;
; Report Parameter Settings                                                       ; On                 ; On                 ;
; Report Source Assignments                                                       ; On                 ; On                 ;
; Report Connectivity Checks                                                      ; On                 ; On                 ;
; Ignore Maximum Fan-Out Assignments                                              ; Off                ; Off                ;
; Synchronization Register Chain Length                                           ; 3                  ; 3                  ;
; Power Optimization During Synthesis                                             ; Normal compilation ; Normal compilation ;
; HDL message level                                                               ; Level2             ; Level2             ;
; Suppress Register Optimization Related Messages                                 ; Off                ; Off                ;
; Number of Removed Registers Reported in Synthesis Report                        ; 5000               ; 5000               ;
; Number of Swept Nodes Reported in Synthesis Report                              ; 5000               ; 5000               ;
; Number of Inverted Registers Reported in Synthesis Report                       ; 100                ; 100                ;
; Clock MUX Protection                                                            ; On                 ; On                 ;
; Auto Gated Clock Conversion                                                     ; Off                ; Off                ;
; Block Design Naming                                                             ; Auto               ; Auto               ;
; SDC constraint protection                                                       ; Off                ; Off                ;
; Synthesis Effort                                                                ; Auto               ; Auto               ;
; Shift Register Replacement - Allow Asynchronous Clear Signal                    ; On                 ; On                 ;
; Pre-Mapping Resynthesis Optimization                                            ; Off                ; Off                ;
; Analysis & Synthesis Message Level                                              ; Medium             ; Medium             ;
; Disable Register Merging Across Hierarchies                                     ; Auto               ; Auto               ;
; Resource Aware Inference For Block RAM                                          ; On                 ; On                 ;
; Automatic Parallel Synthesis                                                    ; On                 ; On                 ;
; Partial Reconfiguration Bitstream ID                                            ; Off                ; Off                ;
+---------------------------------------------------------------------------------+--------------------+--------------------+


+------------------------------------------+
; Parallel Compilation                     ;
+----------------------------+-------------+
; Processors                 ; Number      ;
+----------------------------+-------------+
; Number detected on machine ; 16          ;
; Maximum allowed            ; 16          ;
;                            ;             ;
; Average used               ; 1.00        ;
; Maximum used               ; 1           ;
;                            ;             ;
; Usage by Processor         ; % Time Used ;
;     Processor 1            ; 100.0%      ;
+----------------------------+-------------+


+---------------------------------------------------------------------------------------------------------------------------------------------------------------------------------+
; Analysis & Synthesis Source Files Read                                                                                                                                          ;
+----------------------------------+-----------------+------------------------------------+-----------------------------------------------------------------------------+---------+
; File Name with User-Entered Path ; Used in Netlist ; File Type                          ; File Name with Absolute Path                                                ; Library ;
+----------------------------------+-----------------+------------------------------------+-----------------------------------------------------------------------------+---------+
; decode.bdf                       ; yes             ; User Block Diagram/Schematic File  ; C:/apps/quartos/quartus/bin64/progrm/projeto_ula/decode.bdf                 ;         ;
; display2.bdf                     ; yes             ; User Block Diagram/Schematic File  ; C:/apps/quartos/quartus/bin64/progrm/projeto_ula/display2.bdf               ;         ;
; display1.bdf                     ; yes             ; User Block Diagram/Schematic File  ; C:/apps/quartos/quartus/bin64/progrm/projeto_ula/display1.bdf               ;         ;
; somador.bdf                      ; yes             ; User Block Diagram/Schematic File  ; C:/apps/quartos/quartus/bin64/progrm/projeto_ula/somador.bdf                ;         ;
; projeto_ula.bdf                  ; yes             ; User Block Diagram/Schematic File  ; C:/apps/quartos/quartus/bin64/progrm/projeto_ula/projeto_ula.bdf            ;         ;
; min.bdf                          ; yes             ; User Block Diagram/Schematic File  ; C:/apps/quartos/quartus/bin64/progrm/projeto_ula/min.bdf                    ;         ;
; max.bdf                          ; yes             ; User Block Diagram/Schematic File  ; C:/apps/quartos/quartus/bin64/progrm/projeto_ula/max.bdf                    ;         ;
; somador_completo.bdf             ; yes             ; User Block Diagram/Schematic File  ; C:/apps/quartos/quartus/bin64/progrm/projeto_ula/somador_completo.bdf       ;         ;
; subtrator.bdf                    ; yes             ; User Block Diagram/Schematic File  ; C:/apps/quartos/quartus/bin64/progrm/projeto_ula/subtrator.bdf              ;         ;
; CL2.bdf                          ; yes             ; User Block Diagram/Schematic File  ; C:/apps/quartos/quartus/bin64/progrm/projeto_ula/CL2.bdf                    ;         ;
; decodificador_3_para_8.bdf       ; yes             ; User Block Diagram/Schematic File  ; C:/apps/quartos/quartus/bin64/progrm/projeto_ula/decodificador_3_para_8.bdf ;         ;
; mux_2_1.bdf                      ; yes             ; User Block Diagram/Schematic File  ; C:/apps/quartos/quartus/bin64/progrm/projeto_ula/mux_2_1.bdf                ;         ;
; mux_10_5.bdf                     ; yes             ; User Block Diagram/Schematic File  ; C:/apps/quartos/quartus/bin64/progrm/projeto_ula/mux_10_5.bdf               ;         ;
; maiorq_1bit.bdf                  ; yes             ; User Block Diagram/Schematic File  ; C:/apps/quartos/quartus/bin64/progrm/projeto_ula/maiorq_1bit.bdf            ;         ;
; maiorq_5bits.bdf                 ; yes             ; User Block Diagram/Schematic File  ; C:/apps/quartos/quartus/bin64/progrm/projeto_ula/maiorq_5bits.bdf           ;         ;
; menor_igualq_1bit.bdf            ; yes             ; User Block Diagram/Schematic File  ; C:/apps/quartos/quartus/bin64/progrm/projeto_ula/menor_igualq_1bit.bdf      ;         ;
; menor_igualq_5bit.bdf            ; yes             ; User Block Diagram/Schematic File  ; C:/apps/quartos/quartus/bin64/progrm/projeto_ula/menor_igualq_5bit.bdf      ;         ;
; shiftbit_2.bdf                   ; yes             ; User Block Diagram/Schematic File  ; C:/apps/quartos/quartus/bin64/progrm/projeto_ula/shiftbit_2.bdf             ;         ;
; CPL2.bdf                         ; yes             ; User Block Diagram/Schematic File  ; C:/apps/quartos/quartus/bin64/progrm/projeto_ula/CPL2.bdf                   ;         ;
; modulo_5bits.bdf                 ; yes             ; User Block Diagram/Schematic File  ; C:/apps/quartos/quartus/bin64/progrm/projeto_ula/modulo_5bits.bdf           ;         ;
; overflow.bdf                     ; yes             ; User Block Diagram/Schematic File  ; C:/apps/quartos/quartus/bin64/progrm/projeto_ula/overflow.bdf               ;         ;
; ula.bdf                          ; yes             ; User Block Diagram/Schematic File  ; C:/apps/quartos/quartus/bin64/progrm/projeto_ula/ula.bdf                    ;         ;
; simb_negativo.bdf                ; yes             ; User Block Diagram/Schematic File  ; C:/apps/quartos/quartus/bin64/progrm/projeto_ula/simb_negativo.bdf          ;         ;
+----------------------------------+-----------------+------------------------------------+-----------------------------------------------------------------------------+---------+


+-----------------------------------------------------------------------------------------------+
; Analysis & Synthesis Resource Usage Summary                                                   ;
+---------------------------------------------+-------------------------------------------------+
; Resource                                    ; Usage                                           ;
+---------------------------------------------+-------------------------------------------------+
; Estimate of Logic utilization (ALMs needed) ; 34                                              ;
;                                             ;                                                 ;
; Combinational ALUT usage for logic          ; 55                                              ;
;     -- 7 input functions                    ; 2                                               ;
;     -- 6 input functions                    ; 10                                              ;
;     -- 5 input functions                    ; 19                                              ;
;     -- 4 input functions                    ; 11                                              ;
;     -- <=3 input functions                  ; 13                                              ;
;                                             ;                                                 ;
; Dedicated logic registers                   ; 0                                               ;
;                                             ;                                                 ;
; I/O pins                                    ; 37                                              ;
;                                             ;                                                 ;
; Total DSP Blocks                            ; 0                                               ;
;                                             ;                                                 ;
; Maximum fan-out node                        ; ula:inst3|mux_10_5:inst21|mux_2_1:inst5|inst2~2 ;
; Maximum fan-out                             ; 14                                              ;
; Total fan-out                               ; 307                                             ;
; Average fan-out                             ; 2.38                                            ;
+---------------------------------------------+-------------------------------------------------+


+------------------------------------------------------------------------------------------------------------------------------------------------------------------------------------------------------------------------------------------------------------------+
; Analysis & Synthesis Resource Utilization by Entity                                                                                                                                                                                                              ;
+--------------------------------------+---------------------+---------------------------+-------------------+------------+------+--------------+--------------------------------------------------------------------------+------------------------+--------------+
; Compilation Hierarchy Node           ; Combinational ALUTs ; Dedicated Logic Registers ; Block Memory Bits ; DSP Blocks ; Pins ; Virtual Pins ; Full Hierarchy Name                                                      ; Entity Name            ; Library Name ;
+--------------------------------------+---------------------+---------------------------+-------------------+------------+------+--------------+--------------------------------------------------------------------------+------------------------+--------------+
; |projeto_ula                         ; 55 (0)              ; 0 (0)                     ; 0                 ; 0          ; 37   ; 0            ; |projeto_ula                                                             ; projeto_ula            ; work         ;
;    |decode:inst1|                    ; 8 (0)               ; 0 (0)                     ; 0                 ; 0          ; 0    ; 0            ; |projeto_ula|decode:inst1                                                ; decode                 ; work         ;
;       |display1:inst1|               ; 1 (1)               ; 0 (0)                     ; 0                 ; 0          ; 0    ; 0            ; |projeto_ula|decode:inst1|display1:inst1                                 ; display1               ; work         ;
;       |display2:inst2|               ; 7 (7)               ; 0 (0)                     ; 0                 ; 0          ; 0    ; 0            ; |projeto_ula|decode:inst1|display2:inst2                                 ; display2               ; work         ;
;    |modulo_5bits:inst2|              ; 4 (0)               ; 0 (0)                     ; 0                 ; 0          ; 0    ; 0            ; |projeto_ula|modulo_5bits:inst2                                          ; modulo_5bits           ; work         ;
;       |CPL2:inst125|                 ; 1 (0)               ; 0 (0)                     ; 0                 ; 0          ; 0    ; 0            ; |projeto_ula|modulo_5bits:inst2|CPL2:inst125                             ; CPL2                   ; work         ;
;          |somador_completo:inst2|    ; 1 (1)               ; 0 (0)                     ; 0                 ; 0          ; 0    ; 0            ; |projeto_ula|modulo_5bits:inst2|CPL2:inst125|somador_completo:inst2      ; somador_completo       ; work         ;
;       |mux_10_5:inst5|               ; 3 (0)               ; 0 (0)                     ; 0                 ; 0          ; 0    ; 0            ; |projeto_ula|modulo_5bits:inst2|mux_10_5:inst5                           ; mux_10_5               ; work         ;
;          |mux_2_1:inst2|             ; 1 (1)               ; 0 (0)                     ; 0                 ; 0          ; 0    ; 0            ; |projeto_ula|modulo_5bits:inst2|mux_10_5:inst5|mux_2_1:inst2             ; mux_2_1                ; work         ;
;          |mux_2_1:inst3|             ; 1 (1)               ; 0 (0)                     ; 0                 ; 0          ; 0    ; 0            ; |projeto_ula|modulo_5bits:inst2|mux_10_5:inst5|mux_2_1:inst3             ; mux_2_1                ; work         ;
;          |mux_2_1:inst4|             ; 1 (1)               ; 0 (0)                     ; 0                 ; 0          ; 0    ; 0            ; |projeto_ula|modulo_5bits:inst2|mux_10_5:inst5|mux_2_1:inst4             ; mux_2_1                ; work         ;
;    |ula:inst3|                       ; 43 (2)              ; 0 (0)                     ; 0                 ; 0          ; 0    ; 0            ; |projeto_ula|ula:inst3                                                   ; ula                    ; work         ;
;       |decodificador_3_para_8:inst|  ; 4 (4)               ; 0 (0)                     ; 0                 ; 0          ; 0    ; 0            ; |projeto_ula|ula:inst3|decodificador_3_para_8:inst                       ; decodificador_3_para_8 ; work         ;
;       |maiorq_5bits:inst3|           ; 2 (0)               ; 0 (0)                     ; 0                 ; 0          ; 0    ; 0            ; |projeto_ula|ula:inst3|maiorq_5bits:inst3                                ; maiorq_5bits           ; work         ;
;          |maiorq_1bit:inst5|         ; 2 (2)               ; 0 (0)                     ; 0                 ; 0          ; 0    ; 0            ; |projeto_ula|ula:inst3|maiorq_5bits:inst3|maiorq_1bit:inst5              ; maiorq_1bit            ; work         ;
;       |max:inst7|                    ; 1 (0)               ; 0 (0)                     ; 0                 ; 0          ; 0    ; 0            ; |projeto_ula|ula:inst3|max:inst7                                         ; max                    ; work         ;
;          |mux_2_1:inst11|            ; 1 (1)               ; 0 (0)                     ; 0                 ; 0          ; 0    ; 0            ; |projeto_ula|ula:inst3|max:inst7|mux_2_1:inst11                          ; mux_2_1                ; work         ;
;       |menor_igualq_5bit:inst8|      ; 4 (2)               ; 0 (0)                     ; 0                 ; 0          ; 0    ; 0            ; |projeto_ula|ula:inst3|menor_igualq_5bit:inst8                           ; menor_igualq_5bit      ; work         ;
;          |menor_igualq_1bit:inst4|   ; 1 (1)               ; 0 (0)                     ; 0                 ; 0          ; 0    ; 0            ; |projeto_ula|ula:inst3|menor_igualq_5bit:inst8|menor_igualq_1bit:inst4   ; menor_igualq_1bit      ; work         ;
;          |menor_igualq_1bit:inst|    ; 1 (1)               ; 0 (0)                     ; 0                 ; 0          ; 0    ; 0            ; |projeto_ula|ula:inst3|menor_igualq_5bit:inst8|menor_igualq_1bit:inst    ; menor_igualq_1bit      ; work         ;
;       |min:inst222|                  ; 3 (0)               ; 0 (0)                     ; 0                 ; 0          ; 0    ; 0            ; |projeto_ula|ula:inst3|min:inst222                                       ; min                    ; work         ;
;          |maiorq_5bits:inst2|        ; 2 (0)               ; 0 (0)                     ; 0                 ; 0          ; 0    ; 0            ; |projeto_ula|ula:inst3|min:inst222|maiorq_5bits:inst2                    ; maiorq_5bits           ; work         ;
;             |maiorq_1bit:inst5|      ; 2 (2)               ; 0 (0)                     ; 0                 ; 0          ; 0    ; 0            ; |projeto_ula|ula:inst3|min:inst222|maiorq_5bits:inst2|maiorq_1bit:inst5  ; maiorq_1bit            ; work         ;
;          |mux_2_1:inst11|            ; 1 (1)               ; 0 (0)                     ; 0                 ; 0          ; 0    ; 0            ; |projeto_ula|ula:inst3|min:inst222|mux_2_1:inst11                        ; mux_2_1                ; work         ;
;       |modulo_5bits:inst14|          ; 1 (0)               ; 0 (0)                     ; 0                 ; 0          ; 0    ; 0            ; |projeto_ula|ula:inst3|modulo_5bits:inst14                               ; modulo_5bits           ; work         ;
;          |mux_10_5:inst5|            ; 1 (0)               ; 0 (0)                     ; 0                 ; 0          ; 0    ; 0            ; |projeto_ula|ula:inst3|modulo_5bits:inst14|mux_10_5:inst5                ; mux_10_5               ; work         ;
;             |mux_2_1:inst5|          ; 1 (1)               ; 0 (0)                     ; 0                 ; 0          ; 0    ; 0            ; |projeto_ula|ula:inst3|modulo_5bits:inst14|mux_10_5:inst5|mux_2_1:inst5  ; mux_2_1                ; work         ;
;       |mux_10_5:inst20|              ; 1 (0)               ; 0 (0)                     ; 0                 ; 0          ; 0    ; 0            ; |projeto_ula|ula:inst3|mux_10_5:inst20                                   ; mux_10_5               ; work         ;
;          |mux_2_1:inst|              ; 1 (1)               ; 0 (0)                     ; 0                 ; 0          ; 0    ; 0            ; |projeto_ula|ula:inst3|mux_10_5:inst20|mux_2_1:inst                      ; mux_2_1                ; work         ;
;       |mux_10_5:inst21|              ; 16 (0)              ; 0 (0)                     ; 0                 ; 0          ; 0    ; 0            ; |projeto_ula|ula:inst3|mux_10_5:inst21                                   ; mux_10_5               ; work         ;
;          |mux_2_1:inst2|             ; 4 (4)               ; 0 (0)                     ; 0                 ; 0          ; 0    ; 0            ; |projeto_ula|ula:inst3|mux_10_5:inst21|mux_2_1:inst2                     ; mux_2_1                ; work         ;
;          |mux_2_1:inst3|             ; 3 (3)               ; 0 (0)                     ; 0                 ; 0          ; 0    ; 0            ; |projeto_ula|ula:inst3|mux_10_5:inst21|mux_2_1:inst3                     ; mux_2_1                ; work         ;
;          |mux_2_1:inst4|             ; 4 (4)               ; 0 (0)                     ; 0                 ; 0          ; 0    ; 0            ; |projeto_ula|ula:inst3|mux_10_5:inst21|mux_2_1:inst4                     ; mux_2_1                ; work         ;
;          |mux_2_1:inst5|             ; 3 (3)               ; 0 (0)                     ; 0                 ; 0          ; 0    ; 0            ; |projeto_ula|ula:inst3|mux_10_5:inst21|mux_2_1:inst5                     ; mux_2_1                ; work         ;
;          |mux_2_1:inst|              ; 2 (2)               ; 0 (0)                     ; 0                 ; 0          ; 0    ; 0            ; |projeto_ula|ula:inst3|mux_10_5:inst21|mux_2_1:inst                      ; mux_2_1                ; work         ;
;       |somador:inst1|                ; 3 (0)               ; 0 (0)                     ; 0                 ; 0          ; 0    ; 0            ; |projeto_ula|ula:inst3|somador:inst1                                     ; somador                ; work         ;
;          |somador_completo:inst4|    ; 1 (1)               ; 0 (0)                     ; 0                 ; 0          ; 0    ; 0            ; |projeto_ula|ula:inst3|somador:inst1|somador_completo:inst4              ; somador_completo       ; work         ;
;          |somador_completo:inst6|    ; 2 (2)               ; 0 (0)                     ; 0                 ; 0          ; 0    ; 0            ; |projeto_ula|ula:inst3|somador:inst1|somador_completo:inst6              ; somador_completo       ; work         ;
;       |subtrator:inst22|             ; 6 (0)               ; 0 (0)                     ; 0                 ; 0          ; 0    ; 0            ; |projeto_ula|ula:inst3|subtrator:inst22                                  ; subtrator              ; work         ;
;          |CL2:inst1|                 ; 1 (0)               ; 0 (0)                     ; 0                 ; 0          ; 0    ; 0            ; |projeto_ula|ula:inst3|subtrator:inst22|CL2:inst1                        ; CL2                    ; work         ;
;             |somador_completo:inst3| ; 1 (1)               ; 0 (0)                     ; 0                 ; 0          ; 0    ; 0            ; |projeto_ula|ula:inst3|subtrator:inst22|CL2:inst1|somador_completo:inst3 ; somador_completo       ; work         ;
;          |somador_completo:inst4|    ; 1 (1)               ; 0 (0)                     ; 0                 ; 0          ; 0    ; 0            ; |projeto_ula|ula:inst3|subtrator:inst22|somador_completo:inst4           ; somador_completo       ; work         ;
;          |somador_completo:inst5|    ; 2 (2)               ; 0 (0)                     ; 0                 ; 0          ; 0    ; 0            ; |projeto_ula|ula:inst3|subtrator:inst22|somador_completo:inst5           ; somador_completo       ; work         ;
;          |somador_completo:inst6|    ; 1 (1)               ; 0 (0)                     ; 0                 ; 0          ; 0    ; 0            ; |projeto_ula|ula:inst3|subtrator:inst22|somador_completo:inst6           ; somador_completo       ; work         ;
;          |somador_completo:inst7|    ; 1 (1)               ; 0 (0)                     ; 0                 ; 0          ; 0    ; 0            ; |projeto_ula|ula:inst3|subtrator:inst22|somador_completo:inst7           ; somador_completo       ; work         ;
+--------------------------------------+---------------------+---------------------------+-------------------+------------+------+--------------+--------------------------------------------------------------------------+------------------------+--------------+
Note: For table entries with two numbers listed, the numbers in parentheses indicate the number of resources of the given type used by the specific entity alone. The numbers listed outside of parentheses indicate the total resources of the given type used by the specific entity and all of its sub-entities in the hierarchy.


+------------------------------------------------------+
; General Register Statistics                          ;
+----------------------------------------------+-------+
; Statistic                                    ; Value ;
+----------------------------------------------+-------+
; Total registers                              ; 0     ;
; Number of registers using Synchronous Clear  ; 0     ;
; Number of registers using Synchronous Load   ; 0     ;
; Number of registers using Asynchronous Clear ; 0     ;
; Number of registers using Asynchronous Load  ; 0     ;
; Number of registers using Clock Enable       ; 0     ;
; Number of registers using Preset             ; 0     ;
+----------------------------------------------+-------+


+--------------------------------------------------------------------------------------------------------------------------------------------------------------------------+
; Multiplexer Restructuring Statistics (Restructuring Performed)                                                                                                           ;
+--------------------+-----------+---------------+----------------------+------------------------+------------+------------------------------------------------------------+
; Multiplexer Inputs ; Bus Width ; Baseline Area ; Area if Restructured ; Saving if Restructured ; Registered ; Example Multiplexer Output                                 ;
+--------------------+-----------+---------------+----------------------+------------------------+------------+------------------------------------------------------------+
; 11:1               ; 2 bits    ; 14 LEs        ; 8 LEs                ; 6 LEs                  ; No         ; |projeto_ula|ula:inst3|mux_10_5:inst21|mux_2_1:inst4|inst2 ;
+--------------------+-----------+---------------+----------------------+------------------------+------------+------------------------------------------------------------+


+-----------------------------------------------------+
; Post-Synthesis Netlist Statistics for Top Partition ;
+-----------------------+-----------------------------+
; Type                  ; Count                       ;
+-----------------------+-----------------------------+
; arriav_lcell_comb     ; 58                          ;
;     extend            ; 2                           ;
;         7 data inputs ; 2                           ;
;     normal            ; 56                          ;
;         0 data inputs ; 2                           ;
;         1 data inputs ; 1                           ;
;         2 data inputs ; 3                           ;
;         3 data inputs ; 10                          ;
;         4 data inputs ; 11                          ;
;         5 data inputs ; 19                          ;
;         6 data inputs ; 10                          ;
; boundary_port         ; 37                          ;
;                       ;                             ;
; Max LUT depth         ; 6.00                        ;
; Average LUT depth     ; 5.18                        ;
+-----------------------+-----------------------------+


+-------------------------------+
; Elapsed Time Per Partition    ;
+----------------+--------------+
; Partition Name ; Elapsed Time ;
+----------------+--------------+
; Top            ; 00:00:00     ;
+----------------+--------------+


+-------------------------------+
; Analysis & Synthesis Messages ;
+-------------------------------+
Info: *******************************************************************
Info: Running Quartus Prime Analysis & Synthesis
    Info: Version 20.1.0 Build 711 06/05/2020 SJ Lite Edition
    Info: Processing started: Thu Aug 10 10:14:04 2023
Info: Command: quartus_map --read_settings_files=on --write_settings_files=off projeto_ula -c projeto_ula
Warning (18236): Number of processors has not been specified which may cause overloading on shared machines.  Set the global assignment NUM_PARALLEL_PROCESSORS in your QSF to an appropriate value for best performance.
Info (20030): Parallel compilation is enabled and will use 16 of the 16 processors detected
Info (12021): Found 1 design units, including 1 entities, in source file decode.bdf
    Info (12023): Found entity 1: decode
Info (12021): Found 1 design units, including 1 entities, in source file display2.bdf
    Info (12023): Found entity 1: display2
Info (12021): Found 1 design units, including 1 entities, in source file display1.bdf
    Info (12023): Found entity 1: display1
Info (12021): Found 1 design units, including 1 entities, in source file somador.bdf
    Info (12023): Found entity 1: somador
Info (12021): Found 1 design units, including 1 entities, in source file projeto_ula.bdf
    Info (12023): Found entity 1: projeto_ula
Info (12021): Found 1 design units, including 1 entities, in source file min.bdf
    Info (12023): Found entity 1: min
Info (12021): Found 1 design units, including 1 entities, in source file max.bdf
    Info (12023): Found entity 1: max
Info (12021): Found 1 design units, including 1 entities, in source file somador_completo.bdf
    Info (12023): Found entity 1: somador_completo
Warning (12019): Can't analyze file -- file somador_5bits.bdf is missing
Info (12021): Found 1 design units, including 1 entities, in source file subtrator.bdf
    Info (12023): Found entity 1: subtrator
Info (12021): Found 1 design units, including 1 entities, in source file cl2.bdf
    Info (12023): Found entity 1: CL2
Info (12021): Found 1 design units, including 1 entities, in source file decodificador_3_para_8.bdf
    Info (12023): Found entity 1: decodificador_3_para_8
Info (12021): Found 1 design units, including 1 entities, in source file teste.bdf
    Info (12023): Found entity 1: teste
Info (12021): Found 1 design units, including 1 entities, in source file mux_2_1.bdf
    Info (12023): Found entity 1: mux_2_1
Info (12021): Found 1 design units, including 1 entities, in source file mux_10_5.bdf
    Info (12023): Found entity 1: mux_10_5
Info (12021): Found 1 design units, including 1 entities, in source file maiorq_1bit.bdf
    Info (12023): Found entity 1: maiorq_1bit
Info (12021): Found 1 design units, including 1 entities, in source file maiorq_5bits.bdf
    Info (12023): Found entity 1: maiorq_5bits
Info (12021): Found 1 design units, including 1 entities, in source file menor_igualq_1bit.bdf
    Info (12023): Found entity 1: menor_igualq_1bit
Info (12021): Found 1 design units, including 1 entities, in source file menor_igualq_5bit.bdf
    Info (12023): Found entity 1: menor_igualq_5bit
Info (12021): Found 1 design units, including 1 entities, in source file shiftbit_2.bdf
    Info (12023): Found entity 1: shiftbit_2
Info (12021): Found 1 design units, including 1 entities, in source file cpl2.bdf
    Info (12023): Found entity 1: CPL2
Info (12021): Found 1 design units, including 1 entities, in source file modulo_5bits.bdf
    Info (12023): Found entity 1: modulo_5bits
Info (12021): Found 1 design units, including 1 entities, in source file overflow.bdf
    Info (12023): Found entity 1: overflow
Info (12021): Found 1 design units, including 1 entities, in source file ula.bdf
    Info (12023): Found entity 1: ula
Info (12021): Found 1 design units, including 1 entities, in source file simb_negativo.bdf
    Info (12023): Found entity 1: simb_negativo
Info (12127): Elaborating entity "projeto_ula" for the top level hierarchy
Info (12128): Elaborating entity "ula" for hierarchy "ula:inst3"
Warning (275012): Pin "s2" overlaps another pin, block, or symbol
Info (12128): Elaborating entity "decodificador_3_para_8" for hierarchy "ula:inst3|decodificador_3_para_8:inst"
Info (12128): Elaborating entity "menor_igualq_5bit" for hierarchy "ula:inst3|menor_igualq_5bit:inst8"
Info (12128): Elaborating entity "menor_igualq_1bit" for hierarchy "ula:inst3|menor_igualq_5bit:inst8|menor_igualq_1bit:inst4"
Info (12128): Elaborating entity "maiorq_5bits" for hierarchy "ula:inst3|maiorq_5bits:inst3"
Info (12128): Elaborating entity "maiorq_1bit" for hierarchy "ula:inst3|maiorq_5bits:inst3|maiorq_1bit:inst5"
Info (12128): Elaborating entity "subtrator" for hierarchy "ula:inst3|subtrator:inst22"
Info (12128): Elaborating entity "somador_completo" for hierarchy "ula:inst3|subtrator:inst22|somador_completo:inst"
Info (12128): Elaborating entity "CL2" for hierarchy "ula:inst3|subtrator:inst22|CL2:inst1"
Warning (275011): Block or symbol "NOT" of instance "inst5" overlaps another block or symbol
Info (12128): Elaborating entity "overflow" for hierarchy "ula:inst3|subtrator:inst22|overflow:inst2"
Info (12128): Elaborating entity "somador" for hierarchy "ula:inst3|somador:inst1"
Info (12128): Elaborating entity "mux_2_1" for hierarchy "ula:inst3|mux_2_1:inst19"
Info (12128): Elaborating entity "mux_10_5" for hierarchy "ula:inst3|mux_10_5:inst21"
Info (12128): Elaborating entity "min" for hierarchy "ula:inst3|min:inst222"
Info (12128): Elaborating entity "max" for hierarchy "ula:inst3|max:inst7"
Info (12128): Elaborating entity "modulo_5bits" for hierarchy "ula:inst3|modulo_5bits:inst14"
Info (12128): Elaborating entity "CPL2" for hierarchy "ula:inst3|modulo_5bits:inst14|CPL2:inst125"
Warning (275011): Block or symbol "NOT" of instance "inst5" overlaps another block or symbol
Info (12128): Elaborating entity "shiftbit_2" for hierarchy "ula:inst3|shiftbit_2:inst13"
Info (12128): Elaborating entity "simb_negativo" for hierarchy "simb_negativo:inst365659"
Info (12128): Elaborating entity "decode" for hierarchy "decode:inst1"
Info (12128): Elaborating entity "display1" for hierarchy "decode:inst1|display1:inst1"
Info (12128): Elaborating entity "display2" for hierarchy "decode:inst1|display2:inst2"
Warning (13024): Output pins are stuck at VCC or GND
    Warning (13410): Pin "b1" is stuck at GND
    Warning (13410): Pin "c1" is stuck at GND
    Warning (13410): Pin "g1" is stuck at VCC
Info (286030): Timing-Driven Synthesis is running
Info (16010): Generating hard_block partition "hard_block:auto_generated_inst"
    Info (16011): Adding 0 node(s), including 0 DDIO, 0 PLL, 0 transceiver and 0 LCELL
Info (21057): Implemented 92 device resources after synthesis - the final resource count might be different
    Info (21058): Implemented 13 input pins
    Info (21059): Implemented 24 output pins
    Info (21061): Implemented 55 logic cells
Info: Quartus Prime Analysis & Synthesis was successful. 0 errors, 9 warnings
    Info: Peak virtual memory: 4834 megabytes
    Info: Processing ended: Thu Aug 10 10:14:10 2023
    Info: Elapsed time: 00:00:06
    Info: Total CPU time (on all processors): 00:00:19


